<?xml version="1.0" encoding="UTF-8"?>
<!-- Generated by org.testng.reporters.JUnitReportReporter -->
<testsuite skipped="0" hostname="LAPTOP-OJMIMCA0" name="test.SeleniumTests.GoogleTest" tests="1" failures="0" timestamp="06 Jan 2020 07:15:37 GMT" time="8.584" errors="0">
  <testcase name="googlePageTitle_Test" time="8.584" classname="test.SeleniumTests.GoogleTest"/>
</testsuite> <!-- test.SeleniumTests.GoogleTest -->
